Using pre-set license
Built from '2020.2/release' branch; Version is '2020.2.2f1 (068178b99f32) revision 426360'; Using compiler version '192528614'; Build Type 'Release'
OS: 'Windows 10 Pro; OS build 19042.928; Version 2009; 64bit' Language: 'ru' Physical Memory: 16316 MB
BatchMode: 1, IsHumanControllingUs: 0, StartBugReporterOnCrash: 0, Is64bit: 1, IsPro: 0

 COMMAND LINE ARGUMENTS:
C:\Program Files\Unity\Hub\Editor\2020.2.2f1\Editor\Unity.exe
-adb2
-batchMode
-noUpm
-name
AssetImportWorker0
-projectPath
E:/Develop/GameDevelop/Projects/Subject
-logFile
Logs/AssetImportWorker0.log
-srvPort
54167
Successfully changed project path to: E:/Develop/GameDevelop/Projects/Subject
E:/Develop/GameDevelop/Projects/Subject
Using Asset Import Pipeline V2.
Refreshing native plugins compatible for Editor in 31.28 ms, found 0 plugins.
Preloading 0 native plugins for Editor in 0.00 ms.
Initialize engine version: 2020.2.2f1 (068178b99f32)
[Subsystems] Discovering subsystems at path C:/Program Files/Unity/Hub/Editor/2020.2.2f1/Editor/Data/Resources/UnitySubsystems
[Subsystems] Discovering subsystems at path E:/Develop/GameDevelop/Projects/Subject/Assets
GfxDevice: creating device client; threaded=0
Direct3D:
    Version:  Direct3D 11.0 [level 11.1]
    Renderer: NVIDIA GeForce GTX 1660 SUPER (ID=0x21c4)
    Vendor:   
    VRAM:     5991 MB
    Driver:   27.21.14.6589
Initialize mono
Mono path[0] = 'C:/Program Files/Unity/Hub/Editor/2020.2.2f1/Editor/Data/Managed'
Mono path[1] = 'C:/Program Files/Unity/Hub/Editor/2020.2.2f1/Editor/Data/MonoBleedingEdge/lib/mono/unityjit'
Mono config path = 'C:/Program Files/Unity/Hub/Editor/2020.2.2f1/Editor/Data/MonoBleedingEdge/etc'
Using monoOptions --debugger-agent=transport=dt_socket,embedding=1,server=y,suspend=n,address=127.0.0.1:56892
Begin MonoManager ReloadAssembly
Registering precompiled unity dll's ...
Register platform support module: C:/Program Files/Unity/Hub/Editor/2020.2.2f1/Editor/Data/PlaybackEngines/WindowsStandaloneSupport/UnityEditor.WindowsStandalone.Extensions.dll
Registered in 0.002449 seconds.
Native extension for WindowsStandalone target not found
Refreshing native plugins compatible for Editor in 30.12 ms, found 0 plugins.
Preloading 0 native plugins for Editor in 0.00 ms.
Invoked RoslynAnalysisRunner static constructor.
RoslynAnalysisRunner will not be running.
RoslynAnalysisRunner has terminated.
Mono: successfully reloaded assembly
- Completed reload, in  2.152 seconds
Platform modules already initialized, skipping
Registering precompiled user dll's ...
Registered in 0.000693 seconds.
Begin MonoManager ReloadAssembly
Native extension for WindowsStandalone target not found
Refreshing native plugins compatible for Editor in 0.28 ms, found 0 plugins.
Preloading 0 native plugins for Editor in 0.00 ms.
Invoked RoslynAnalysisRunner static constructor.
RoslynAnalysisRunner will not be running.
RoslynAnalysisRunner has terminated.
Mono: successfully reloaded assembly
- Completed reload, in  1.048 seconds
Platform modules already initialized, skipping
========================================================================
Worker process is ready to serve import requests
Launched and connected shader compiler UnityShaderCompiler.exe after 0.06 seconds
Refreshing native plugins compatible for Editor in 0.38 ms, found 0 plugins.
Preloading 0 native plugins for Editor in 0.00 ms.
Unloading 1242 Unused Serialized files (Serialized files now loaded: 0)
System memory in use before: 81.5 MB.
System memory in use after: 81.5 MB.

Unloading 10 unused Assets to reduce memory usage. Loaded Objects now: 1703.
Total: 2.372600 ms (FindLiveObjects: 0.305100 ms CreateObjectMapping: 0.062500 ms MarkObjects: 1.903700 ms  DeleteObjects: 0.099300 ms)

========================================================================
Received Import Request.
  path: Assets/Scripts/Control/PlayerMovement.cs
  artifactKey: Guid(7cb314ecc05ecc64e8b1b4de2e44e2b4) Importer(815301076,1909f56bfc062723c751e8b465ee728b)
Start importing Assets/Scripts/Control/PlayerMovement.cs using Guid(7cb314ecc05ecc64e8b1b4de2e44e2b4) Importer(815301076,1909f56bfc062723c751e8b465ee728b)  -> (artifact id: '3d2a49ae5a428866e462b540215cdc5b') in 0.041001 seconds
  Import took 0.044277 seconds .

========================================================================
Received Prepare
Refreshing native plugins compatible for Editor in 1.06 ms, found 0 plugins.
Preloading 0 native plugins for Editor in 0.00 ms.
Unloading 3 Unused Serialized files (Serialized files now loaded: 0)
System memory in use before: 55.2 MB.
System memory in use after: 55.3 MB.

Unloading 3 unused Assets to reduce memory usage. Loaded Objects now: 1703.
Total: 2.296100 ms (FindLiveObjects: 0.256900 ms CreateObjectMapping: 0.059800 ms MarkObjects: 1.904300 ms  DeleteObjects: 0.073300 ms)

========================================================================
Received Import Request.
  Time since last request: 37.677899 seconds.
  path: Assets/Scripts/Control/PlayerMovement.cs
  artifactKey: Guid(7cb314ecc05ecc64e8b1b4de2e44e2b4) Importer(815301076,1909f56bfc062723c751e8b465ee728b)
Start importing Assets/Scripts/Control/PlayerMovement.cs using Guid(7cb314ecc05ecc64e8b1b4de2e44e2b4) Importer(815301076,1909f56bfc062723c751e8b465ee728b)  -> (artifact id: '2f5bf5f6b44471299d132ec83993f2cd') in 0.006907 seconds
  Import took 0.021888 seconds .

========================================================================
Received Import Request.
  Time since last request: 0.006202 seconds.
  path: Assets/Scripts/Control/PlayerMovement.cs
  artifactKey: Guid(7cb314ecc05ecc64e8b1b4de2e44e2b4) Importer(815301076,1909f56bfc062723c751e8b465ee728b)
Start importing Assets/Scripts/Control/PlayerMovement.cs using Guid(7cb314ecc05ecc64e8b1b4de2e44e2b4) Importer(815301076,1909f56bfc062723c751e8b465ee728b)  -> (artifact id: '2f5bf5f6b44471299d132ec83993f2cd') in 0.002655 seconds
  Import took 0.005140 seconds .

========================================================================
Received Prepare
Registering precompiled user dll's ...
Registered in 0.000812 seconds.
Begin MonoManager ReloadAssembly
Native extension for WindowsStandalone target not found
Refreshing native plugins compatible for Editor in 0.26 ms, found 0 plugins.
Preloading 0 native plugins for Editor in 0.00 ms.
Invoked RoslynAnalysisRunner static constructor.
RoslynAnalysisRunner will not be running.
RoslynAnalysisRunner has terminated.
Mono: successfully reloaded assembly
- Completed reload, in  0.920 seconds
Platform modules already initialized, skipping
Refreshing native plugins compatible for Editor in 0.31 ms, found 0 plugins.
Preloading 0 native plugins for Editor in 0.00 ms.
Unloading 1194 Unused Serialized files (Serialized files now loaded: 0)
System memory in use before: 79.0 MB.
System memory in use after: 79.1 MB.

Unloading 5 unused Assets to reduce memory usage. Loaded Objects now: 1705.
Total: 1.973900 ms (FindLiveObjects: 0.160700 ms CreateObjectMapping: 0.033600 ms MarkObjects: 1.720400 ms  DeleteObjects: 0.058000 ms)

========================================================================
Received Import Request.
  Time since last request: 11.947024 seconds.
  path: Assets/Scripts/Effects/UnderwaterEffect.cs
  artifactKey: Guid(06bfe3dd9f94cb84b8767a8c028c13ab) Importer(815301076,1909f56bfc062723c751e8b465ee728b)
Start importing Assets/Scripts/Effects/UnderwaterEffect.cs using Guid(06bfe3dd9f94cb84b8767a8c028c13ab) Importer(815301076,1909f56bfc062723c751e8b465ee728b)  -> (artifact id: '0a7e4df44c8dfe89ca08efa607045d01') in 0.010946 seconds
  Import took 0.025996 seconds .

========================================================================
Received Import Request.
  Time since last request: 3.211641 seconds.
  path: Assets/Scripts/Interaction/Interactable.cs
  artifactKey: Guid(912978d6edb455846a3fe6a20bb5d7fd) Importer(815301076,1909f56bfc062723c751e8b465ee728b)
Start importing Assets/Scripts/Interaction/Interactable.cs using Guid(912978d6edb455846a3fe6a20bb5d7fd) Importer(815301076,1909f56bfc062723c751e8b465ee728b)  -> (artifact id: '00f56c5eced792e8e61d79c82eb12438') in 0.007080 seconds
  Import took 0.011727 seconds .

========================================================================
Received Import Request.
  Time since last request: 3.956076 seconds.
  path: Assets/Scripts/Interaction/PlayerInteraction.cs
  artifactKey: Guid(f01344ddcecd85645817d0de7732b2e6) Importer(815301076,1909f56bfc062723c751e8b465ee728b)
Start importing Assets/Scripts/Interaction/PlayerInteraction.cs using Guid(f01344ddcecd85645817d0de7732b2e6) Importer(815301076,1909f56bfc062723c751e8b465ee728b)  -> (artifact id: '0750a2b5fab7b52a5c7c4af4eaa05244') in 0.010560 seconds
  Import took 0.032959 seconds .

AssetImportWorkerClient::OnTransportError - code=2 error=End of file
